Analysis & Synthesis report for TicketMachine
Sun Mar 08 18:15:06 2026
Quartus Prime Version 20.1.1 Build 720 11/11/2020 SJ Lite Edition


---------------------
; Table of Contents ;
---------------------
  1. Legal Notice
  2. Analysis & Synthesis Summary
  3. Analysis & Synthesis Settings
  4. Parallel Compilation
  5. Analysis & Synthesis Source Files Read
  6. Analysis & Synthesis Resource Usage Summary
  7. Analysis & Synthesis Resource Utilization by Entity
  8. State Machine - |KeyDecode|KeyControl:control|currState
  9. User-Specified and Inferred Latches
 10. General Register Statistics
 11. Port Connectivity Checks: "KeyControl:control"
 12. Port Connectivity Checks: "KeyScan:scan|Counter:cont|RegistryL4:registry|FFD:flipflop4"
 13. Port Connectivity Checks: "KeyScan:scan|Counter:cont|RegistryL4:registry|FFD:flipflop3"
 14. Port Connectivity Checks: "KeyScan:scan|Counter:cont|RegistryL4:registry|FFD:flipflop2"
 15. Port Connectivity Checks: "KeyScan:scan|Counter:cont|RegistryL4:registry|FFD:flipflop1"
 16. Port Connectivity Checks: "KeyScan:scan|Counter:cont|Adder:adder1"
 17. Port Connectivity Checks: "KeyScan:scan|Counter:cont"
 18. Post-Synthesis Netlist Statistics for Top Partition
 19. Elapsed Time Per Partition
 20. Analysis & Synthesis Messages



----------------
; Legal Notice ;
----------------
Copyright (C) 2020  Intel Corporation. All rights reserved.
Your use of Intel Corporation's design tools, logic functions 
and other software and tools, and any partner logic 
functions, and any output files from any of the foregoing 
(including device programming or simulation files), and any 
associated documentation or information are expressly subject 
to the terms and conditions of the Intel Program License 
Subscription Agreement, the Intel Quartus Prime License Agreement,
the Intel FPGA IP License Agreement, or other applicable license
agreement, including, without limitation, that your use is for
the sole purpose of programming logic devices manufactured by
Intel and sold by Intel or its authorized distributors.  Please
refer to the applicable agreement for further details, at
https://fpgasoftware.intel.com/eula.



+----------------------------------------------------------------------------------+
; Analysis & Synthesis Summary                                                     ;
+------------------------------------+---------------------------------------------+
; Analysis & Synthesis Status        ; Successful - Sun Mar 08 18:15:06 2026       ;
; Quartus Prime Version              ; 20.1.1 Build 720 11/11/2020 SJ Lite Edition ;
; Revision Name                      ; TicketMachine                               ;
; Top-level Entity Name              ; KeyDecode                                   ;
; Family                             ; MAX 10                                      ;
; Total logic elements               ; 17                                          ;
;     Total combinational functions  ; 17                                          ;
;     Dedicated logic registers      ; 7                                           ;
; Total registers                    ; 7                                           ;
; Total pins                         ; 16                                          ;
; Total virtual pins                 ; 0                                           ;
; Total memory bits                  ; 0                                           ;
; Embedded Multiplier 9-bit elements ; 0                                           ;
; Total PLLs                         ; 0                                           ;
; UFM blocks                         ; 0                                           ;
; ADC blocks                         ; 0                                           ;
+------------------------------------+---------------------------------------------+


+------------------------------------------------------------------------------------------------------------+
; Analysis & Synthesis Settings                                                                              ;
+------------------------------------------------------------------+--------------------+--------------------+
; Option                                                           ; Setting            ; Default Value      ;
+------------------------------------------------------------------+--------------------+--------------------+
; Device                                                           ; 10M50DAF484C6GES   ;                    ;
; Top-level entity name                                            ; KeyDecode          ; TicketMachine      ;
; Family name                                                      ; MAX 10             ; Cyclone V          ;
; Use smart compilation                                            ; Off                ; Off                ;
; Enable parallel Assembler and Timing Analyzer during compilation ; On                 ; On                 ;
; Enable compact report table                                      ; Off                ; Off                ;
; Restructure Multiplexers                                         ; Auto               ; Auto               ;
; Create Debugging Nodes for IP Cores                              ; Off                ; Off                ;
; Preserve fewer node names                                        ; On                 ; On                 ;
; Intel FPGA IP Evaluation Mode                                    ; Enable             ; Enable             ;
; Verilog Version                                                  ; Verilog_2001       ; Verilog_2001       ;
; VHDL Version                                                     ; VHDL_1993          ; VHDL_1993          ;
; State Machine Processing                                         ; Auto               ; Auto               ;
; Safe State Machine                                               ; Off                ; Off                ;
; Extract Verilog State Machines                                   ; On                 ; On                 ;
; Extract VHDL State Machines                                      ; On                 ; On                 ;
; Ignore Verilog initial constructs                                ; Off                ; Off                ;
; Iteration limit for constant Verilog loops                       ; 5000               ; 5000               ;
; Iteration limit for non-constant Verilog loops                   ; 250                ; 250                ;
; Add Pass-Through Logic to Inferred RAMs                          ; On                 ; On                 ;
; Infer RAMs from Raw Logic                                        ; On                 ; On                 ;
; Parallel Synthesis                                               ; On                 ; On                 ;
; DSP Block Balancing                                              ; Auto               ; Auto               ;
; NOT Gate Push-Back                                               ; On                 ; On                 ;
; Power-Up Don't Care                                              ; On                 ; On                 ;
; Remove Redundant Logic Cells                                     ; Off                ; Off                ;
; Remove Duplicate Registers                                       ; On                 ; On                 ;
; Ignore CARRY Buffers                                             ; Off                ; Off                ;
; Ignore CASCADE Buffers                                           ; Off                ; Off                ;
; Ignore GLOBAL Buffers                                            ; Off                ; Off                ;
; Ignore ROW GLOBAL Buffers                                        ; Off                ; Off                ;
; Ignore LCELL Buffers                                             ; Off                ; Off                ;
; Ignore SOFT Buffers                                              ; On                 ; On                 ;
; Limit AHDL Integers to 32 Bits                                   ; Off                ; Off                ;
; Optimization Technique                                           ; Balanced           ; Balanced           ;
; Carry Chain Length                                               ; 70                 ; 70                 ;
; Auto Carry Chains                                                ; On                 ; On                 ;
; Auto Open-Drain Pins                                             ; On                 ; On                 ;
; Perform WYSIWYG Primitive Resynthesis                            ; Off                ; Off                ;
; Auto ROM Replacement                                             ; On                 ; On                 ;
; Auto RAM Replacement                                             ; On                 ; On                 ;
; Auto DSP Block Replacement                                       ; On                 ; On                 ;
; Auto Shift Register Replacement                                  ; Auto               ; Auto               ;
; Allow Shift Register Merging across Hierarchies                  ; Auto               ; Auto               ;
; Auto Clock Enable Replacement                                    ; On                 ; On                 ;
; Strict RAM Replacement                                           ; Off                ; Off                ;
; Allow Synchronous Control Signals                                ; On                 ; On                 ;
; Force Use of Synchronous Clear Signals                           ; Off                ; Off                ;
; Auto RAM Block Balancing                                         ; On                 ; On                 ;
; Auto RAM to Logic Cell Conversion                                ; Off                ; Off                ;
; Auto Resource Sharing                                            ; Off                ; Off                ;
; Allow Any RAM Size For Recognition                               ; Off                ; Off                ;
; Allow Any ROM Size For Recognition                               ; Off                ; Off                ;
; Allow Any Shift Register Size For Recognition                    ; Off                ; Off                ;
; Use LogicLock Constraints during Resource Balancing              ; On                 ; On                 ;
; Ignore translate_off and synthesis_off directives                ; Off                ; Off                ;
; Timing-Driven Synthesis                                          ; On                 ; On                 ;
; Report Parameter Settings                                        ; On                 ; On                 ;
; Report Source Assignments                                        ; On                 ; On                 ;
; Report Connectivity Checks                                       ; On                 ; On                 ;
; Ignore Maximum Fan-Out Assignments                               ; Off                ; Off                ;
; Synchronization Register Chain Length                            ; 2                  ; 2                  ;
; Power Optimization During Synthesis                              ; Normal compilation ; Normal compilation ;
; HDL message level                                                ; Level2             ; Level2             ;
; Suppress Register Optimization Related Messages                  ; Off                ; Off                ;
; Number of Removed Registers Reported in Synthesis Report         ; 5000               ; 5000               ;
; Number of Swept Nodes Reported in Synthesis Report               ; 5000               ; 5000               ;
; Number of Inverted Registers Reported in Synthesis Report        ; 100                ; 100                ;
; Clock MUX Protection                                             ; On                 ; On                 ;
; Auto Gated Clock Conversion                                      ; Off                ; Off                ;
; Block Design Naming                                              ; Auto               ; Auto               ;
; SDC constraint protection                                        ; Off                ; Off                ;
; Synthesis Effort                                                 ; Auto               ; Auto               ;
; Shift Register Replacement - Allow Asynchronous Clear Signal     ; On                 ; On                 ;
; Pre-Mapping Resynthesis Optimization                             ; Off                ; Off                ;
; Analysis & Synthesis Message Level                               ; Medium             ; Medium             ;
; Disable Register Merging Across Hierarchies                      ; Auto               ; Auto               ;
; Resource Aware Inference For Block RAM                           ; On                 ; On                 ;
+------------------------------------------------------------------+--------------------+--------------------+


+------------------------------------------+
; Parallel Compilation                     ;
+----------------------------+-------------+
; Processors                 ; Number      ;
+----------------------------+-------------+
; Number detected on machine ; 18          ;
; Maximum allowed            ; 14          ;
;                            ;             ;
; Average used               ; 1.00        ;
; Maximum used               ; 14          ;
;                            ;             ;
; Usage by Processor         ; % Time Used ;
;     Processor 1            ; 100.0%      ;
;     Processor 2            ;   0.0%      ;
;     Processors 3-14        ;   0.0%      ;
+----------------------------+-------------+


+--------------------------------------------------------------------------------------------------------------------------------------------------+
; Analysis & Synthesis Source Files Read                                                                                                           ;
+----------------------------------+-----------------+-----------------+-----------------------------------------------------------------+---------+
; File Name with User-Entered Path ; Used in Netlist ; File Type       ; File Name with Absolute Path                                    ; Library ;
+----------------------------------+-----------------+-----------------+-----------------------------------------------------------------+---------+
; KeyScan.vhd                      ; yes             ; User VHDL File  ; C:/Users/oleir/Desktop/Coding/VDHL/TicketMachine/KeyScan.vhd    ;         ;
; MUX2_1L4.vhd                     ; yes             ; User VHDL File  ; C:/Users/oleir/Desktop/Coding/VDHL/TicketMachine/MUX2_1L4.vhd   ;         ;
; Counter.vhd                      ; yes             ; User VHDL File  ; C:/Users/oleir/Desktop/Coding/VDHL/TicketMachine/Counter.vhd    ;         ;
; Adder.vhd                        ; yes             ; User VHDL File  ; C:/Users/oleir/Desktop/Coding/VDHL/TicketMachine/Adder.vhd      ;         ;
; RegistryL4.vhd                   ; yes             ; User VHDL File  ; C:/Users/oleir/Desktop/Coding/VDHL/TicketMachine/RegistryL4.vhd ;         ;
; FullAdder.vhd                    ; yes             ; User VHDL File  ; C:/Users/oleir/Desktop/Coding/VDHL/TicketMachine/FullAdder.vhd  ;         ;
; FFD.vhd                          ; yes             ; User VHDL File  ; C:/Users/oleir/Desktop/Coding/VDHL/TicketMachine/FFD.vhd        ;         ;
; decoder.vhd                      ; yes             ; User VHDL File  ; C:/Users/oleir/Desktop/Coding/VDHL/TicketMachine/decoder.vhd    ;         ;
; MUX4_2L1.vhd                     ; yes             ; User VHDL File  ; C:/Users/oleir/Desktop/Coding/VDHL/TicketMachine/MUX4_2L1.vhd   ;         ;
; KeyControl.vhd                   ; yes             ; User VHDL File  ; C:/Users/oleir/Desktop/Coding/VDHL/TicketMachine/KeyControl.vhd ;         ;
; KeyDecode.vhd                    ; yes             ; User VHDL File  ; C:/Users/oleir/Desktop/Coding/VDHL/TicketMachine/KeyDecode.vhd  ;         ;
+----------------------------------+-----------------+-----------------+-----------------------------------------------------------------+---------+


+-------------------------------------------------------------------------------------------------------------+
; Analysis & Synthesis Resource Usage Summary                                                                 ;
+---------------------------------------------+---------------------------------------------------------------+
; Resource                                    ; Usage                                                         ;
+---------------------------------------------+---------------------------------------------------------------+
; Estimated Total logic elements              ; 17                                                            ;
;                                             ;                                                               ;
; Total combinational functions               ; 17                                                            ;
; Logic element usage by number of LUT inputs ;                                                               ;
;     -- 4 input functions                    ; 6                                                             ;
;     -- 3 input functions                    ; 5                                                             ;
;     -- <=2 input functions                  ; 6                                                             ;
;                                             ;                                                               ;
; Logic elements by mode                      ;                                                               ;
;     -- normal mode                          ; 17                                                            ;
;     -- arithmetic mode                      ; 0                                                             ;
;                                             ;                                                               ;
; Total registers                             ; 7                                                             ;
;     -- Dedicated logic registers            ; 7                                                             ;
;     -- I/O registers                        ; 0                                                             ;
;                                             ;                                                               ;
; I/O pins                                    ; 16                                                            ;
;                                             ;                                                               ;
; Embedded Multiplier 9-bit elements          ; 0                                                             ;
;                                             ;                                                               ;
; Maximum fan-out node                        ; KeyScan:scan|Counter:cont|RegistryL4:registry|FFD:flipflop3|Q ;
; Maximum fan-out                             ; 7                                                             ;
; Total fan-out                               ; 96                                                            ;
; Average fan-out                             ; 1.71                                                          ;
+---------------------------------------------+---------------------------------------------------------------+


+-------------------------------------------------------------------------------------------------------------------------------------------------------------------------------------------------------------------------------------------------------------------------------------------+
; Analysis & Synthesis Resource Utilization by Entity                                                                                                                                                                                                                                       ;
+--------------------------------+---------------------+---------------------------+-------------+------------+--------------+---------+-----------+------+--------------+------------+------------------------------------------------------------------------+-------------+--------------+
; Compilation Hierarchy Node     ; Combinational ALUTs ; Dedicated Logic Registers ; Memory Bits ; UFM Blocks ; DSP Elements ; DSP 9x9 ; DSP 18x18 ; Pins ; Virtual Pins ; ADC blocks ; Full Hierarchy Name                                                    ; Entity Name ; Library Name ;
+--------------------------------+---------------------+---------------------------+-------------+------------+--------------+---------+-----------+------+--------------+------------+------------------------------------------------------------------------+-------------+--------------+
; |KeyDecode                     ; 17 (0)              ; 7 (0)                     ; 0           ; 0          ; 0            ; 0       ; 0         ; 16   ; 0            ; 0          ; |KeyDecode                                                             ; KeyDecode   ; work         ;
;    |KeyControl:control|        ; 5 (5)               ; 3 (3)                     ; 0           ; 0          ; 0            ; 0       ; 0         ; 0    ; 0            ; 0          ; |KeyDecode|KeyControl:control                                          ; KeyControl  ; work         ;
;    |KeyScan:scan|              ; 12 (0)              ; 4 (0)                     ; 0           ; 0          ; 0            ; 0       ; 0         ; 0    ; 0            ; 0          ; |KeyDecode|KeyScan:scan                                                ; KeyScan     ; work         ;
;       |Counter:cont|           ; 6 (0)               ; 4 (0)                     ; 0           ; 0          ; 0            ; 0       ; 0         ; 0    ; 0            ; 0          ; |KeyDecode|KeyScan:scan|Counter:cont                                   ; Counter     ; work         ;
;          |RegistryL4:registry| ; 6 (0)               ; 4 (0)                     ; 0           ; 0          ; 0            ; 0       ; 0         ; 0    ; 0            ; 0          ; |KeyDecode|KeyScan:scan|Counter:cont|RegistryL4:registry               ; RegistryL4  ; work         ;
;             |FFD:flipflop1|    ; 1 (1)               ; 1 (1)                     ; 0           ; 0          ; 0            ; 0       ; 0         ; 0    ; 0            ; 0          ; |KeyDecode|KeyScan:scan|Counter:cont|RegistryL4:registry|FFD:flipflop1 ; FFD         ; work         ;
;             |FFD:flipflop2|    ; 1 (1)               ; 1 (1)                     ; 0           ; 0          ; 0            ; 0       ; 0         ; 0    ; 0            ; 0          ; |KeyDecode|KeyScan:scan|Counter:cont|RegistryL4:registry|FFD:flipflop2 ; FFD         ; work         ;
;             |FFD:flipflop3|    ; 3 (3)               ; 1 (1)                     ; 0           ; 0          ; 0            ; 0       ; 0         ; 0    ; 0            ; 0          ; |KeyDecode|KeyScan:scan|Counter:cont|RegistryL4:registry|FFD:flipflop3 ; FFD         ; work         ;
;             |FFD:flipflop4|    ; 1 (1)               ; 1 (1)                     ; 0           ; 0          ; 0            ; 0       ; 0         ; 0    ; 0            ; 0          ; |KeyDecode|KeyScan:scan|Counter:cont|RegistryL4:registry|FFD:flipflop4 ; FFD         ; work         ;
;       |MUX4_2L1:muxPL|         ; 2 (2)               ; 0 (0)                     ; 0           ; 0          ; 0            ; 0       ; 0         ; 0    ; 0            ; 0          ; |KeyDecode|KeyScan:scan|MUX4_2L1:muxPL                                 ; MUX4_2L1    ; work         ;
;       |decoder:decode|         ; 4 (4)               ; 0 (0)                     ; 0           ; 0          ; 0            ; 0       ; 0         ; 0    ; 0            ; 0          ; |KeyDecode|KeyScan:scan|decoder:decode                                 ; decoder     ; work         ;
+--------------------------------+---------------------+---------------------------+-------------+------------+--------------+---------+-----------+------+--------------+------------+------------------------------------------------------------------------+-------------+--------------+
Note: For table entries with two numbers listed, the numbers in parentheses indicate the number of resources of the given type used by the specific entity alone. The numbers listed outside of parentheses indicate the total resources of the given type used by the specific entity and all of its sub-entities in the hierarchy.


Encoding Type:  One-Hot
+----------------------------------------------------------------------------------------------------------------+
; State Machine - |KeyDecode|KeyControl:control|currState                                                        ;
+-----------------------------+-----------------------------+-------------------------+--------------------------+
; Name                        ; currState.STATE_ACKNOWLEDGE ; currState.STATE_READING ; currState.STATE_SCANNING ;
+-----------------------------+-----------------------------+-------------------------+--------------------------+
; currState.STATE_SCANNING    ; 0                           ; 0                       ; 0                        ;
; currState.STATE_READING     ; 0                           ; 1                       ; 1                        ;
; currState.STATE_ACKNOWLEDGE ; 1                           ; 0                       ; 1                        ;
+-----------------------------+-----------------------------+-------------------------+--------------------------+


+------------------------------------------------------------------------------------------------------------+
; User-Specified and Inferred Latches                                                                        ;
+----------------------------------------------------+------------------------------+------------------------+
; Latch Name                                         ; Latch Enable Signal          ; Free of Timing Hazards ;
+----------------------------------------------------+------------------------------+------------------------+
; KeyControl:control|nextState.STATE_READING_77      ; KeyControl:control|Selector2 ; yes                    ;
; KeyControl:control|nextState.STATE_SCANNING_88     ; KeyControl:control|Selector2 ; yes                    ;
; KeyControl:control|nextState.STATE_ACKNOWLEDGE_66  ; KeyControl:control|Selector2 ; yes                    ;
; Number of user-specified and inferred latches = 3  ;                              ;                        ;
+----------------------------------------------------+------------------------------+------------------------+
Note: All latches listed above may not be present at the end of synthesis due to various synthesis optimizations.


+------------------------------------------------------+
; General Register Statistics                          ;
+----------------------------------------------+-------+
; Statistic                                    ; Value ;
+----------------------------------------------+-------+
; Total registers                              ; 7     ;
; Number of registers using Synchronous Clear  ; 0     ;
; Number of registers using Synchronous Load   ; 0     ;
; Number of registers using Asynchronous Clear ; 7     ;
; Number of registers using Asynchronous Load  ; 0     ;
; Number of registers using Clock Enable       ; 0     ;
; Number of registers using Preset             ; 0     ;
+----------------------------------------------+-------+


+------------------------------------------------+
; Port Connectivity Checks: "KeyControl:control" ;
+------+-------+----------+----------------------+
; Port ; Type  ; Severity ; Details              ;
+------+-------+----------+----------------------+
; ce   ; Input ; Info     ; Stuck at VCC         ;
+------+-------+----------+----------------------+


+-----------------------------------------------------------------------------------------+
; Port Connectivity Checks: "KeyScan:scan|Counter:cont|RegistryL4:registry|FFD:flipflop4" ;
+------+-------+----------+---------------------------------------------------------------+
; Port ; Type  ; Severity ; Details                                                       ;
+------+-------+----------+---------------------------------------------------------------+
; set  ; Input ; Info     ; Stuck at GND                                                  ;
+------+-------+----------+---------------------------------------------------------------+


+-----------------------------------------------------------------------------------------+
; Port Connectivity Checks: "KeyScan:scan|Counter:cont|RegistryL4:registry|FFD:flipflop3" ;
+------+-------+----------+---------------------------------------------------------------+
; Port ; Type  ; Severity ; Details                                                       ;
+------+-------+----------+---------------------------------------------------------------+
; set  ; Input ; Info     ; Stuck at GND                                                  ;
+------+-------+----------+---------------------------------------------------------------+


+-----------------------------------------------------------------------------------------+
; Port Connectivity Checks: "KeyScan:scan|Counter:cont|RegistryL4:registry|FFD:flipflop2" ;
+------+-------+----------+---------------------------------------------------------------+
; Port ; Type  ; Severity ; Details                                                       ;
+------+-------+----------+---------------------------------------------------------------+
; set  ; Input ; Info     ; Stuck at GND                                                  ;
+------+-------+----------+---------------------------------------------------------------+


+-----------------------------------------------------------------------------------------+
; Port Connectivity Checks: "KeyScan:scan|Counter:cont|RegistryL4:registry|FFD:flipflop1" ;
+------+-------+----------+---------------------------------------------------------------+
; Port ; Type  ; Severity ; Details                                                       ;
+------+-------+----------+---------------------------------------------------------------+
; set  ; Input ; Info     ; Stuck at GND                                                  ;
+------+-------+----------+---------------------------------------------------------------+


+----------------------------------------------------------------------------------------------------------------+
; Port Connectivity Checks: "KeyScan:scan|Counter:cont|Adder:adder1"                                             ;
+------+--------+----------+-------------------------------------------------------------------------------------+
; Port ; Type   ; Severity ; Details                                                                             ;
+------+--------+----------+-------------------------------------------------------------------------------------+
; c0   ; Input  ; Info     ; Stuck at GND                                                                        ;
; c4   ; Output ; Info     ; Connected to dangling logic. Logic that only feeds a dangling port will be removed. ;
+------+--------+----------+-------------------------------------------------------------------------------------+


+----------------------------------------------------------------------------------------------------------------------+
; Port Connectivity Checks: "KeyScan:scan|Counter:cont"                                                                ;
+------------+--------+----------+-------------------------------------------------------------------------------------+
; Port       ; Type   ; Severity ; Details                                                                             ;
+------------+--------+----------+-------------------------------------------------------------------------------------+
; pl         ; Input  ; Info     ; Stuck at GND                                                                        ;
; initial    ; Input  ; Info     ; Stuck at GND                                                                        ;
; step[3..1] ; Input  ; Info     ; Stuck at GND                                                                        ;
; step[0]    ; Input  ; Info     ; Stuck at VCC                                                                        ;
; z          ; Output ; Info     ; Connected to dangling logic. Logic that only feeds a dangling port will be removed. ;
+------------+--------+----------+-------------------------------------------------------------------------------------+


+-----------------------------------------------------+
; Post-Synthesis Netlist Statistics for Top Partition ;
+-----------------------+-----------------------------+
; Type                  ; Count                       ;
+-----------------------+-----------------------------+
; boundary_port         ; 16                          ;
; cycloneiii_ff         ; 7                           ;
;     CLR               ; 7                           ;
; cycloneiii_lcell_comb ; 17                          ;
;     normal            ; 17                          ;
;         1 data inputs ; 1                           ;
;         2 data inputs ; 5                           ;
;         3 data inputs ; 5                           ;
;         4 data inputs ; 6                           ;
;                       ;                             ;
; Max LUT depth         ; 4.00                        ;
; Average LUT depth     ; 2.41                        ;
+-----------------------+-----------------------------+


+-------------------------------+
; Elapsed Time Per Partition    ;
+----------------+--------------+
; Partition Name ; Elapsed Time ;
+----------------+--------------+
; Top            ; 00:00:00     ;
+----------------+--------------+


+-------------------------------+
; Analysis & Synthesis Messages ;
+-------------------------------+
Info: *******************************************************************
Info: Running Quartus Prime Analysis & Synthesis
    Info: Version 20.1.1 Build 720 11/11/2020 SJ Lite Edition
    Info: Processing started: Sun Mar 08 18:14:56 2026
Info: Command: quartus_map --read_settings_files=on --write_settings_files=off TicketMachine -c TicketMachine
Warning (18236): Number of processors has not been specified which may cause overloading on shared machines.  Set the global assignment NUM_PARALLEL_PROCESSORS in your QSF to an appropriate value for best performance.
Info (20030): Parallel compilation is enabled and will use 14 of the 14 processors detected
Info (12021): Found 2 design units, including 1 entities, in source file keyscan.vhd
    Info (12022): Found design unit 1: KeyScan-Behaviour File: C:/Users/oleir/Desktop/Coding/VDHL/TicketMachine/KeyScan.vhd Line: 14
    Info (12023): Found entity 1: KeyScan File: C:/Users/oleir/Desktop/Coding/VDHL/TicketMachine/KeyScan.vhd Line: 4
Info (12021): Found 2 design units, including 1 entities, in source file mux2_1l2.vhd
    Info (12022): Found design unit 1: MUX2_1L2-Behaviour File: C:/Users/oleir/Desktop/Coding/VDHL/TicketMachine/MUX2_1L2.vhd Line: 12
    Info (12023): Found entity 1: MUX2_1L2 File: C:/Users/oleir/Desktop/Coding/VDHL/TicketMachine/MUX2_1L2.vhd Line: 4
Info (12021): Found 2 design units, including 1 entities, in source file mux2_1l4.vhd
    Info (12022): Found design unit 1: MUX2_1L4-Behaviour File: C:/Users/oleir/Desktop/Coding/VDHL/TicketMachine/MUX2_1L4.vhd Line: 12
    Info (12023): Found entity 1: MUX2_1L4 File: C:/Users/oleir/Desktop/Coding/VDHL/TicketMachine/MUX2_1L4.vhd Line: 4
Info (12021): Found 2 design units, including 1 entities, in source file counter2.vhd
    Info (12022): Found design unit 1: Counter2-Structural File: C:/Users/oleir/Desktop/Coding/VDHL/TicketMachine/Counter2.vhd Line: 13
    Info (12023): Found entity 1: Counter2 File: C:/Users/oleir/Desktop/Coding/VDHL/TicketMachine/Counter2.vhd Line: 4
Info (12021): Found 2 design units, including 1 entities, in source file registryl2.vhd
    Info (12022): Found design unit 1: RegistryL2-Structural File: C:/Users/oleir/Desktop/Coding/VDHL/TicketMachine/RegistryL2.vhd Line: 12
    Info (12023): Found entity 1: RegistryL2 File: C:/Users/oleir/Desktop/Coding/VDHL/TicketMachine/RegistryL2.vhd Line: 4
Info (12021): Found 2 design units, including 1 entities, in source file adder2.vhd
    Info (12022): Found design unit 1: Adder2-Structural File: C:/Users/oleir/Desktop/Coding/VDHL/TicketMachine/Adder2.vhd Line: 13
    Info (12023): Found entity 1: Adder2 File: C:/Users/oleir/Desktop/Coding/VDHL/TicketMachine/Adder2.vhd Line: 4
Info (12021): Found 2 design units, including 1 entities, in source file counter.vhd
    Info (12022): Found design unit 1: Counter-Structural File: C:/Users/oleir/Desktop/Coding/VDHL/TicketMachine/Counter.vhd Line: 13
    Info (12023): Found entity 1: Counter File: C:/Users/oleir/Desktop/Coding/VDHL/TicketMachine/Counter.vhd Line: 4
Info (12021): Found 2 design units, including 1 entities, in source file adder.vhd
    Info (12022): Found design unit 1: Adder-Structural File: C:/Users/oleir/Desktop/Coding/VDHL/TicketMachine/Adder.vhd Line: 13
    Info (12023): Found entity 1: Adder File: C:/Users/oleir/Desktop/Coding/VDHL/TicketMachine/Adder.vhd Line: 4
Info (12021): Found 2 design units, including 1 entities, in source file registryl4.vhd
    Info (12022): Found design unit 1: RegistryL4-Structural File: C:/Users/oleir/Desktop/Coding/VDHL/TicketMachine/RegistryL4.vhd Line: 12
    Info (12023): Found entity 1: RegistryL4 File: C:/Users/oleir/Desktop/Coding/VDHL/TicketMachine/RegistryL4.vhd Line: 4
Info (12021): Found 2 design units, including 1 entities, in source file fulladder.vhd
    Info (12022): Found design unit 1: FullAdder-Behaviour File: C:/Users/oleir/Desktop/Coding/VDHL/TicketMachine/FullAdder.vhd Line: 11
    Info (12023): Found entity 1: FullAdder File: C:/Users/oleir/Desktop/Coding/VDHL/TicketMachine/FullAdder.vhd Line: 4
Info (12021): Found 2 design units, including 1 entities, in source file ffd.vhd
    Info (12022): Found design unit 1: FFD-logicFunction File: C:/Users/oleir/Desktop/Coding/VDHL/TicketMachine/FFD.vhd Line: 14
    Info (12023): Found entity 1: FFD File: C:/Users/oleir/Desktop/Coding/VDHL/TicketMachine/FFD.vhd Line: 4
Info (12021): Found 2 design units, including 1 entities, in source file clkdiv.vhd
    Info (12022): Found design unit 1: CLKDIV-bhv File: C:/Users/oleir/Desktop/Coding/VDHL/TicketMachine/clkDIV.vhd Line: 11
    Info (12023): Found entity 1: CLKDIV File: C:/Users/oleir/Desktop/Coding/VDHL/TicketMachine/clkDIV.vhd Line: 5
Info (12021): Found 2 design units, including 1 entities, in source file decoder.vhd
    Info (12022): Found design unit 1: decoder-Behaviour File: C:/Users/oleir/Desktop/Coding/VDHL/TicketMachine/decoder.vhd Line: 11
    Info (12023): Found entity 1: decoder File: C:/Users/oleir/Desktop/Coding/VDHL/TicketMachine/decoder.vhd Line: 4
Info (12021): Found 2 design units, including 1 entities, in source file mux4_2l1.vhd
    Info (12022): Found design unit 1: MUX4_2L1-Behaviour File: C:/Users/oleir/Desktop/Coding/VDHL/TicketMachine/MUX4_2L1.vhd Line: 12
    Info (12023): Found entity 1: MUX4_2L1 File: C:/Users/oleir/Desktop/Coding/VDHL/TicketMachine/MUX4_2L1.vhd Line: 4
Info (12021): Found 2 design units, including 1 entities, in source file keycontrol.vhd
    Info (12022): Found design unit 1: KeyControl-Behaviour File: C:/Users/oleir/Desktop/Coding/VDHL/TicketMachine/KeyControl.vhd Line: 11
    Info (12023): Found entity 1: KeyControl File: C:/Users/oleir/Desktop/Coding/VDHL/TicketMachine/KeyControl.vhd Line: 4
Info (12021): Found 2 design units, including 1 entities, in source file keydecode.vhd
    Info (12022): Found design unit 1: KeyDecode-Behaviour File: C:/Users/oleir/Desktop/Coding/VDHL/TicketMachine/KeyDecode.vhd Line: 14
    Info (12023): Found entity 1: KeyDecode File: C:/Users/oleir/Desktop/Coding/VDHL/TicketMachine/KeyDecode.vhd Line: 4
Info (12127): Elaborating entity "KeyDecode" for the top level hierarchy
Info (12128): Elaborating entity "KeyScan" for hierarchy "KeyScan:scan" File: C:/Users/oleir/Desktop/Coding/VDHL/TicketMachine/KeyDecode.vhd Line: 36
Warning (10036): Verilog HDL or VHDL warning at KeyScan.vhd(40): object "zeros" assigned a value but never read File: C:/Users/oleir/Desktop/Coding/VDHL/TicketMachine/KeyScan.vhd Line: 40
Info (12128): Elaborating entity "Counter" for hierarchy "KeyScan:scan|Counter:cont" File: C:/Users/oleir/Desktop/Coding/VDHL/TicketMachine/KeyScan.vhd Line: 46
Info (12128): Elaborating entity "Adder" for hierarchy "KeyScan:scan|Counter:cont|Adder:adder1" File: C:/Users/oleir/Desktop/Coding/VDHL/TicketMachine/Counter.vhd Line: 45
Info (12128): Elaborating entity "FullAdder" for hierarchy "KeyScan:scan|Counter:cont|Adder:adder1|FullAdder:adder1" File: C:/Users/oleir/Desktop/Coding/VDHL/TicketMachine/Adder.vhd Line: 25
Info (12128): Elaborating entity "MUX2_1L4" for hierarchy "KeyScan:scan|Counter:cont|MUX2_1L4:muxPL" File: C:/Users/oleir/Desktop/Coding/VDHL/TicketMachine/Counter.vhd Line: 52
Info (12128): Elaborating entity "RegistryL4" for hierarchy "KeyScan:scan|Counter:cont|RegistryL4:registry" File: C:/Users/oleir/Desktop/Coding/VDHL/TicketMachine/Counter.vhd Line: 59
Info (12128): Elaborating entity "FFD" for hierarchy "KeyScan:scan|Counter:cont|RegistryL4:registry|FFD:flipflop1" File: C:/Users/oleir/Desktop/Coding/VDHL/TicketMachine/RegistryL4.vhd Line: 28
Info (12128): Elaborating entity "MUX4_2L1" for hierarchy "KeyScan:scan|MUX4_2L1:muxPL" File: C:/Users/oleir/Desktop/Coding/VDHL/TicketMachine/KeyScan.vhd Line: 57
Info (12128): Elaborating entity "decoder" for hierarchy "KeyScan:scan|decoder:decode" File: C:/Users/oleir/Desktop/Coding/VDHL/TicketMachine/KeyScan.vhd Line: 64
Info (12128): Elaborating entity "KeyControl" for hierarchy "KeyControl:control" File: C:/Users/oleir/Desktop/Coding/VDHL/TicketMachine/KeyDecode.vhd Line: 46
Warning (10631): VHDL Process Statement warning at KeyControl.vhd(20): inferring latch(es) for signal or variable "nextState", which holds its previous value in one or more paths through the process File: C:/Users/oleir/Desktop/Coding/VDHL/TicketMachine/KeyControl.vhd Line: 20
Info (10041): Inferred latch for "nextState.STATE_ACKNOWLEDGE" at KeyControl.vhd(20) File: C:/Users/oleir/Desktop/Coding/VDHL/TicketMachine/KeyControl.vhd Line: 20
Info (10041): Inferred latch for "nextState.STATE_READING" at KeyControl.vhd(20) File: C:/Users/oleir/Desktop/Coding/VDHL/TicketMachine/KeyControl.vhd Line: 20
Info (10041): Inferred latch for "nextState.STATE_SCANNING" at KeyControl.vhd(20) File: C:/Users/oleir/Desktop/Coding/VDHL/TicketMachine/KeyControl.vhd Line: 20
Warning (13012): Latch KeyControl:control|nextState.STATE_READING_77 has unsafe behavior File: C:/Users/oleir/Desktop/Coding/VDHL/TicketMachine/KeyControl.vhd Line: 20
    Warning (13013): Ports D and ENA on the latch are fed by the same signal KeyControl:control|currState.STATE_SCANNING File: C:/Users/oleir/Desktop/Coding/VDHL/TicketMachine/KeyControl.vhd Line: 15
Warning (13012): Latch KeyControl:control|nextState.STATE_ACKNOWLEDGE_66 has unsafe behavior File: C:/Users/oleir/Desktop/Coding/VDHL/TicketMachine/KeyControl.vhd Line: 20
    Warning (13013): Ports D and ENA on the latch are fed by the same signal KeyControl:control|currState.STATE_READING File: C:/Users/oleir/Desktop/Coding/VDHL/TicketMachine/KeyControl.vhd Line: 15
Info (286030): Timing-Driven Synthesis is running
Info (16010): Generating hard_block partition "hard_block:auto_generated_inst"
    Info (16011): Adding 0 node(s), including 0 DDIO, 0 PLL, 0 transceiver and 0 LCELL
Info (21057): Implemented 35 device resources after synthesis - the final resource count might be different
    Info (21058): Implemented 7 input pins
    Info (21059): Implemented 9 output pins
    Info (21061): Implemented 19 logic cells
Info: Quartus Prime Analysis & Synthesis was successful. 0 errors, 7 warnings
    Info: Peak virtual memory: 4865 megabytes
    Info: Processing ended: Sun Mar 08 18:15:06 2026
    Info: Elapsed time: 00:00:10
    Info: Total CPU time (on all processors): 00:00:23


